Build started 5/27/2013 7:26:04 PM.
     1>Project "C:\Users\Jonathan_Moore\Documents\Visual Studio 2016\IronPython\src\IronPython.Studio\IronPythonStudioUI\IronPythonStudioUI.vcxproj" on node 3 (build target(s)).
     1>PrepareForBuild:
         Creating directory "C:\Users\Jonathan_Moore\Documents\Visual Studio 2016\IronPython\src\Debug\1033\".
       InitializeBuildStatus:
         Creating "Debug\IronPythonStudioUI.unsuccessfulbuild" because "AlwaysCreate" was specified.
       VSCTCompile:
         No out of date dependencies, skipping execution.
       ResourceCompile:
         All outputs are up-to-date.
       ManifestResourceCompile:
         All outputs are up-to-date.
       Link:
         C:\Program Files (x86)\Microsoft Visual Studio 10.0\VC\bin\link.exe /ERRORREPORT:PROMPT /OUT:"C:\Users\Jonathan_Moore\Documents\Visual Studio 2016\IronPython\src\Debug\1033\IronPythonStudioUI.dll" /INCREMENTAL /NOLOGO kernel32.lib user32.lib gdi32.lib winspool.lib comdlg32.lib advapi32.lib shell32.lib ole32.lib oleaut32.lib uuid.lib odbc32.lib odbccp32.lib /MANIFEST /ManifestFile:"Debug\IronPythonStudioUI.dll.intermediate.manifest" /MANIFESTUAC:"level='asInvoker' uiAccess='false'" /DEBUG /PDB:"C:\Users\Jonathan_Moore\Documents\Visual Studio 2016\IronPython\src\Debug\1033\IronPythonStudioUI.pdb" /SUBSYSTEM:WINDOWS /TLBID:1 /NOENTRY /DYNAMICBASE:NO /IMPLIB:"C:\Users\Jonathan_Moore\Documents\Visual Studio 2016\IronPython\src\Debug\1033\IronPythonStudioUI.lib" /MACHINE:X86 /DLL Debug\IronPythonStudioUI.res
         Debug\IronPythonStudioUI.dll.embed.manifest.res
       Manifest:
         C:\Program Files (x86)\Microsoft SDKs\Windows\v7.0A\bin\mt.exe /nologo /verbose /out:"Debug\IronPythonStudioUI.dll.embed.manifest" /manifest Debug\IronPythonStudioUI.dll.intermediate.manifest
         All outputs are up-to-date.
       LinkEmbedManifest:
         All outputs are up-to-date.
         IronPythonStudioUI.vcxproj -> C:\Users\Jonathan_Moore\Documents\Visual Studio 2016\IronPython\src\Debug\1033\IronPythonStudioUI.dll
       FinalizeBuildStatus:
         Deleting file "Debug\IronPythonStudioUI.unsuccessfulbuild".
         Touching "Debug\IronPythonStudioUI.lastbuildstate".
     1>Done Building Project "C:\Users\Jonathan_Moore\Documents\Visual Studio 2016\IronPython\src\IronPython.Studio\IronPythonStudioUI\IronPythonStudioUI.vcxproj" (build target(s)).

Build succeeded.

Time Elapsed 00:00:00.74
