C:\USERS\JONATHAN_MOORE\DOCUMENTS\VISUAL STUDIO 2016\IRONPYTHON\SRC\DEBUG\1033\IRONPYTHONSTUDIOUI.DLL
C:\USERS\JONATHAN_MOORE\DOCUMENTS\VISUAL STUDIO 2016\IRONPYTHON\SRC\DEBUG\1033\IRONPYTHONSTUDIOUI.ILK
C:\USERS\JONATHAN_MOORE\DOCUMENTS\VISUAL STUDIO 2016\IRONPYTHON\SRC\DEBUG\1033\IRONPYTHONSTUDIOUI.PDB
C:\USERS\JONATHAN_MOORE\DOCUMENTS\VISUAL STUDIO 2016\IRONPYTHON\SRC\IRONPYTHON.STUDIO\IRONPYTHONSTUDIOUI\DEBUG\APPLICATIONCOMMANDS.CTO
C:\USERS\JONATHAN_MOORE\DOCUMENTS\VISUAL STUDIO 2016\IRONPYTHON\SRC\IRONPYTHON.STUDIO\IRONPYTHONSTUDIOUI\DEBUG\IRONPYTHONSTUDIOUI.DLL.EMBED.MANIFEST
C:\USERS\JONATHAN_MOORE\DOCUMENTS\VISUAL STUDIO 2016\IRONPYTHON\SRC\IRONPYTHON.STUDIO\IRONPYTHONSTUDIOUI\DEBUG\IRONPYTHONSTUDIOUI.DLL.EMBED.MANIFEST.RES
C:\USERS\JONATHAN_MOORE\DOCUMENTS\VISUAL STUDIO 2016\IRONPYTHON\SRC\IRONPYTHON.STUDIO\IRONPYTHONSTUDIOUI\DEBUG\IRONPYTHONSTUDIOUI.DLL.INTERMEDIATE.MANIFEST
C:\USERS\JONATHAN_MOORE\DOCUMENTS\VISUAL STUDIO 2016\IRONPYTHON\SRC\IRONPYTHON.STUDIO\IRONPYTHONSTUDIOUI\DEBUG\IRONPYTHONSTUDIOUI.RES
C:\Users\Jonathan_Moore\Documents\Visual Studio 2016\IronPython\src\IronPython.Studio\IronPythonStudioUI\Debug\IronPythonStudioUI.vcxprojResolveAssemblyReference.cache
C:\Users\Jonathan_Moore\Documents\Visual Studio 2016\IronPython\src\IronPython.Studio\IronPythonStudioUI\Debug\IronPythonStudioUI.write.1.tlog
C:\Users\Jonathan_Moore\Documents\Visual Studio 2016\IronPython\src\IronPython.Studio\IronPythonStudioUI\Debug\IronPythonStudioUI_manifest.rc
C:\Users\Jonathan_Moore\Documents\Visual Studio 2016\IronPython\src\IronPython.Studio\IronPythonStudioUI\Debug\link.command.1.tlog
C:\Users\Jonathan_Moore\Documents\Visual Studio 2016\IronPython\src\IronPython.Studio\IronPythonStudioUI\Debug\link.read.1.tlog
C:\Users\Jonathan_Moore\Documents\Visual Studio 2016\IronPython\src\IronPython.Studio\IronPythonStudioUI\Debug\link.write.1.tlog
C:\Users\Jonathan_Moore\Documents\Visual Studio 2016\IronPython\src\IronPython.Studio\IronPythonStudioUI\Debug\link-cvtres.read.1.tlog
C:\Users\Jonathan_Moore\Documents\Visual Studio 2016\IronPython\src\IronPython.Studio\IronPythonStudioUI\Debug\link-cvtres.write.1.tlog
C:\Users\Jonathan_Moore\Documents\Visual Studio 2016\IronPython\src\IronPython.Studio\IronPythonStudioUI\Debug\mt.command.1.tlog
C:\Users\Jonathan_Moore\Documents\Visual Studio 2016\IronPython\src\IronPython.Studio\IronPythonStudioUI\Debug\mt.read.1.tlog
C:\Users\Jonathan_Moore\Documents\Visual Studio 2016\IronPython\src\IronPython.Studio\IronPythonStudioUI\Debug\mt.write.1.tlog
C:\Users\Jonathan_Moore\Documents\Visual Studio 2016\IronPython\src\IronPython.Studio\IronPythonStudioUI\Debug\rc.command.1.tlog
C:\Users\Jonathan_Moore\Documents\Visual Studio 2016\IronPython\src\IronPython.Studio\IronPythonStudioUI\Debug\rc.read.1.tlog
C:\Users\Jonathan_Moore\Documents\Visual Studio 2016\IronPython\src\IronPython.Studio\IronPythonStudioUI\Debug\rc.write.1.tlog
C:\Users\Jonathan_Moore\Documents\Visual Studio 2016\IronPython\src\IronPython.Studio\IronPythonStudioUI\Debug\VSCT.read.1.tlog
C:\Users\Jonathan_Moore\Documents\Visual Studio 2016\IronPython\src\IronPython.Studio\IronPythonStudioUI\Debug\VSCT.write.1.tlog
