Build started 5/27/2013 7:26:04 PM.
     1>Project "C:\Users\Jonathan_Moore\Documents\Visual Studio 2016\IronPython\src\IronPython.Studio\IronPythonStudio\IronPythonStudio.vcxproj" on node 2 (build target(s)).
     1>PrepareForBuild:
         Creating directory "C:\Users\Jonathan_Moore\Documents\Visual Studio 2016\IronPython\src\Debug\".
       InitializeBuildStatus:
         Creating "Debug\IronPythonStudio.unsuccessfulbuild" because "AlwaysCreate" was specified.
       ClCompile:
         All outputs are up-to-date.
         All outputs are up-to-date.
       CreateMenuPkgDef:
       Skipping target "CreateMenuPkgDef" because it has no outputs.
       ResourceCompile:
         All outputs are up-to-date.
       ManifestResourceCompile:
         All outputs are up-to-date.
       Link:
         C:\Program Files (x86)\Microsoft Visual Studio 10.0\VC\bin\link.exe /ERRORREPORT:PROMPT /OUT:"C:\Users\Jonathan_Moore\Documents\Visual Studio 2016\IronPython\src\Debug\IronPythonStudio.exe" /INCREMENTAL /NOLOGO /LIBPATH:\VisualStudioIntegration\common\lib\x86 /LIBPATH:Debug\ shlwapi.lib kernel32.lib user32.lib gdi32.lib winspool.lib comdlg32.lib advapi32.lib shell32.lib ole32.lib oleaut32.lib uuid.lib odbc32.lib odbccp32.lib /MANIFEST /ManifestFile:"Debug\IronPythonStudio.exe.intermediate.manifest" /MANIFESTUAC:"level='asInvoker' uiAccess='false'" /DEBUG /PDB:"C:\Users\Jonathan_Moore\Documents\Visual Studio 2016\IronPython\src\Debug\IronPythonStudio.pdb" /SUBSYSTEM:WINDOWS /LARGEADDRESSAWARE /TLBID:1 /DYNAMICBASE /NXCOMPAT /IMPLIB:"C:\Users\Jonathan_Moore\Documents\Visual Studio 2016\IronPython\src\Debug\IronPythonStudio.lib" /MACHINE:X86 Debug\IronPythonStudio.res
         Debug\IronPythonStudio.exe.embed.manifest.res
         Debug\stdafx.obj
         Debug\IronPythonStudio.obj
       Manifest:
         C:\Program Files (x86)\Microsoft SDKs\Windows\v7.0A\bin\mt.exe /nologo /verbose /out:"Debug\IronPythonStudio.exe.embed.manifest" /manifest Debug\IronPythonStudio.exe.intermediate.manifest "C:\Users\Jonathan_Moore\Documents\Visual Studio 2016\IronPython\src\IronPython.Studio\IronPythonStudio\IronPythonStudio.exe.manifest"
         All outputs are up-to-date.
       LinkEmbedManifest:
         All outputs are up-to-date.
         IronPythonStudio.vcxproj -> C:\Users\Jonathan_Moore\Documents\Visual Studio 2016\IronPython\src\Debug\IronPythonStudio.exe
       IsolatedShellFiles:
         Copying file from "IronPythonStudio.exe.config" to "C:\Users\Jonathan_Moore\Documents\Visual Studio 2016\IronPython\src\Debug\\IronPythonStudio.exe.config".
         Copying file from "IronPythonStudio.winprf" to "C:\Users\Jonathan_Moore\Documents\Visual Studio 2016\IronPython\src\Debug\\IronPythonStudio.winprf".
         Copying file from "IronPythonStudio.pkgundef" to "C:\Users\Jonathan_Moore\Documents\Visual Studio 2016\IronPython\src\Debug\\IronPythonStudio.pkgundef".
         Copying file from "IronPythonStudio.pkgdef" to "C:\Users\Jonathan_Moore\Documents\Visual Studio 2016\IronPython\src\Debug\\IronPythonStudio.pkgdef".
         Copying file from "ApplicationIcon.ico" to "C:\Users\Jonathan_Moore\Documents\Visual Studio 2016\IronPython\src\Debug\\ApplicationIcon.ico".
         Copying file from "DebuggerProxy.dll" to "C:\Users\Jonathan_Moore\Documents\Visual Studio 2016\IronPython\src\Debug\\DebuggerProxy.dll".
         Copying file from "DebuggerProxy.dll.manifest" to "C:\Users\Jonathan_Moore\Documents\Visual Studio 2016\IronPython\src\Debug\\DebuggerProxy.dll.manifest".
         Creating directory "C:\Users\Jonathan_Moore\Documents\Visual Studio 2016\IronPython\src\Debug\Profiles".
         Copying file from "General.vssettings" to "C:\Users\Jonathan_Moore\Documents\Visual Studio 2016\IronPython\src\Debug\\Profiles\General.vssettings".
         Creating directory "C:\Users\Jonathan_Moore\Documents\Visual Studio 2016\IronPython\src\Debug\Extensions\Application".
         Copying file from "IronPythonStudio.Application.pkgdef" to "C:\Users\Jonathan_Moore\Documents\Visual Studio 2016\IronPython\src\Debug\\Extensions\Application\IronPythonStudio.Application.pkgdef".
       FinalizeBuildStatus:
         Deleting file "Debug\IronPythonStudio.unsuccessfulbuild".
         Touching "Debug\IronPythonStudio.lastbuildstate".
     1>Done Building Project "C:\Users\Jonathan_Moore\Documents\Visual Studio 2016\IronPython\src\IronPython.Studio\IronPythonStudio\IronPythonStudio.vcxproj" (build target(s)).

Build succeeded.

Time Elapsed 00:00:00.98
