C:\USERS\JONATHAN_MOORE\DOCUMENTS\VISUAL STUDIO 2016\IRONPYTHON\SRC\DEBUG\IRONPYTHONSTUDIO.EXE
C:\USERS\JONATHAN_MOORE\DOCUMENTS\VISUAL STUDIO 2016\IRONPYTHON\SRC\DEBUG\IRONPYTHONSTUDIO.ILK
C:\USERS\JONATHAN_MOORE\DOCUMENTS\VISUAL STUDIO 2016\IRONPYTHON\SRC\DEBUG\IRONPYTHONSTUDIO.PDB
C:\Users\Jonathan_Moore\Documents\Visual Studio 2016\IronPython\src\IronPython.Studio\IronPythonStudio\Debug\cl.command.1.tlog
C:\Users\Jonathan_Moore\Documents\Visual Studio 2016\IronPython\src\IronPython.Studio\IronPythonStudio\Debug\CL.read.1.tlog
C:\Users\Jonathan_Moore\Documents\Visual Studio 2016\IronPython\src\IronPython.Studio\IronPythonStudio\Debug\CL.write.1.tlog
C:\USERS\JONATHAN_MOORE\DOCUMENTS\VISUAL STUDIO 2016\IRONPYTHON\SRC\IRONPYTHON.STUDIO\IRONPYTHONSTUDIO\DEBUG\IRONPYTHONSTUDIO.EXE.EMBED.MANIFEST
C:\USERS\JONATHAN_MOORE\DOCUMENTS\VISUAL STUDIO 2016\IRONPYTHON\SRC\IRONPYTHON.STUDIO\IRONPYTHONSTUDIO\DEBUG\IRONPYTHONSTUDIO.EXE.EMBED.MANIFEST.RES
C:\USERS\JONATHAN_MOORE\DOCUMENTS\VISUAL STUDIO 2016\IRONPYTHON\SRC\IRONPYTHON.STUDIO\IRONPYTHONSTUDIO\DEBUG\IRONPYTHONSTUDIO.EXE.INTERMEDIATE.MANIFEST
C:\USERS\JONATHAN_MOORE\DOCUMENTS\VISUAL STUDIO 2016\IRONPYTHON\SRC\IRONPYTHON.STUDIO\IRONPYTHONSTUDIO\DEBUG\IRONPYTHONSTUDIO.OBJ
C:\USERS\JONATHAN_MOORE\DOCUMENTS\VISUAL STUDIO 2016\IRONPYTHON\SRC\IRONPYTHON.STUDIO\IRONPYTHONSTUDIO\DEBUG\IRONPYTHONSTUDIO.PCH
C:\USERS\JONATHAN_MOORE\DOCUMENTS\VISUAL STUDIO 2016\IRONPYTHON\SRC\IRONPYTHON.STUDIO\IRONPYTHONSTUDIO\DEBUG\IRONPYTHONSTUDIO.RES
C:\Users\Jonathan_Moore\Documents\Visual Studio 2016\IronPython\src\IronPython.Studio\IronPythonStudio\Debug\IronPythonStudio.vcxprojResolveAssemblyReference.cache
C:\Users\Jonathan_Moore\Documents\Visual Studio 2016\IronPython\src\IronPython.Studio\IronPythonStudio\Debug\IronPythonStudio.write.1.tlog
C:\Users\Jonathan_Moore\Documents\Visual Studio 2016\IronPython\src\IronPython.Studio\IronPythonStudio\Debug\IronPythonStudio_manifest.rc
C:\Users\Jonathan_Moore\Documents\Visual Studio 2016\IronPython\src\IronPython.Studio\IronPythonStudio\Debug\link.8040.read.1.tlog
C:\Users\Jonathan_Moore\Documents\Visual Studio 2016\IronPython\src\IronPython.Studio\IronPythonStudio\Debug\link.8040.write.1.tlog
C:\Users\Jonathan_Moore\Documents\Visual Studio 2016\IronPython\src\IronPython.Studio\IronPythonStudio\Debug\link.8040-cvtres.read.1.tlog
C:\Users\Jonathan_Moore\Documents\Visual Studio 2016\IronPython\src\IronPython.Studio\IronPythonStudio\Debug\link.8040-cvtres.write.1.tlog
C:\Users\Jonathan_Moore\Documents\Visual Studio 2016\IronPython\src\IronPython.Studio\IronPythonStudio\Debug\link.command.1.tlog
C:\Users\Jonathan_Moore\Documents\Visual Studio 2016\IronPython\src\IronPython.Studio\IronPythonStudio\Debug\link.read.1.tlog
C:\Users\Jonathan_Moore\Documents\Visual Studio 2016\IronPython\src\IronPython.Studio\IronPythonStudio\Debug\link.write.1.tlog
C:\Users\Jonathan_Moore\Documents\Visual Studio 2016\IronPython\src\IronPython.Studio\IronPythonStudio\Debug\link-cvtres.read.1.tlog
C:\Users\Jonathan_Moore\Documents\Visual Studio 2016\IronPython\src\IronPython.Studio\IronPythonStudio\Debug\link-cvtres.write.1.tlog
C:\Users\Jonathan_Moore\Documents\Visual Studio 2016\IronPython\src\IronPython.Studio\IronPythonStudio\Debug\mt.command.1.tlog
C:\Users\Jonathan_Moore\Documents\Visual Studio 2016\IronPython\src\IronPython.Studio\IronPythonStudio\Debug\mt.read.1.tlog
C:\Users\Jonathan_Moore\Documents\Visual Studio 2016\IronPython\src\IronPython.Studio\IronPythonStudio\Debug\mt.write.1.tlog
C:\Users\Jonathan_Moore\Documents\Visual Studio 2016\IronPython\src\IronPython.Studio\IronPythonStudio\Debug\rc.command.1.tlog
C:\Users\Jonathan_Moore\Documents\Visual Studio 2016\IronPython\src\IronPython.Studio\IronPythonStudio\Debug\rc.read.1.tlog
C:\Users\Jonathan_Moore\Documents\Visual Studio 2016\IronPython\src\IronPython.Studio\IronPythonStudio\Debug\rc.write.1.tlog
C:\USERS\JONATHAN_MOORE\DOCUMENTS\VISUAL STUDIO 2016\IRONPYTHON\SRC\IRONPYTHON.STUDIO\IRONPYTHONSTUDIO\DEBUG\STDAFX.OBJ
C:\Users\Jonathan_Moore\Documents\Visual Studio 2016\IronPython\src\IronPython.Studio\IronPythonStudio\Debug\vc100.idb
C:\USERS\JONATHAN_MOORE\DOCUMENTS\VISUAL STUDIO 2016\IRONPYTHON\SRC\IRONPYTHON.STUDIO\IRONPYTHONSTUDIO\DEBUG\VC100.PDB
