Build started 5/27/2013 8:20:11 PM.
     1>Project "C:\Users\Jonathan_Moore\Documents\Visual Studio 2010\VSShellStub2\VSShellStub2\VSShellStub2UI\VSShellStub2UI.vcxproj" on node 2 (build target(s)).
     1>PrepareForBuild:
         Creating directory "C:\Users\Jonathan_Moore\Documents\Visual Studio 2010\VSShellStub2\Debug\1033\".
       InitializeBuildStatus:
         Creating "Debug\VSShellStub2UI.unsuccessfulbuild" because "AlwaysCreate" was specified.
       VSCTCompile:
         
         VSCT: errors   = 0
         VSCT: warnings = 0
       ResourceCompile:
         C:\Program Files (x86)\Microsoft SDKs\Windows\v7.0A\bin\rc.exe /D UNICODE /D _UNICODE /D _X86_=1 /D i386=1 /D WIN32 /D WINNT=1 /D _DEBUG /D DEBUG /D _NEW_SDK=1 /D _UNICODE /D UNICODE /l"0x0409" /IDebug\ /nologo /fo"Debug\VSShellStub2UI.res" -r  VSShellStub2UI.rc 
       ManifestResourceCompile:
         C:\Program Files (x86)\Microsoft SDKs\Windows\v7.0A\bin\rc.exe /nologo /fo"Debug\VSShellStub2UI.dll.embed.manifest.res" Debug\VSShellStub2UI_manifest.rc 
       Link:
         C:\Program Files (x86)\Microsoft Visual Studio 10.0\VC\bin\link.exe /ERRORREPORT:PROMPT /OUT:"C:\Users\Jonathan_Moore\Documents\Visual Studio 2010\VSShellStub2\Debug\1033\VSShellStub2UI.dll" /INCREMENTAL /NOLOGO kernel32.lib user32.lib gdi32.lib winspool.lib comdlg32.lib advapi32.lib shell32.lib ole32.lib oleaut32.lib uuid.lib odbc32.lib odbccp32.lib /MANIFEST /ManifestFile:"Debug\VSShellStub2UI.dll.intermediate.manifest" /MANIFESTUAC:"level='asInvoker' uiAccess='false'" /DEBUG /PDB:"C:\Users\Jonathan_Moore\Documents\Visual Studio 2010\VSShellStub2\Debug\1033\VSShellStub2UI.pdb" /SUBSYSTEM:WINDOWS /TLBID:1 /NOENTRY /DYNAMICBASE:NO /IMPLIB:"C:\Users\Jonathan_Moore\Documents\Visual Studio 2010\VSShellStub2\Debug\1033\VSShellStub2UI.lib" /MACHINE:X86 /DLL Debug\VSShellStub2UI.res
         Debug\VSShellStub2UI.dll.embed.manifest.res
       Manifest:
         C:\Program Files (x86)\Microsoft SDKs\Windows\v7.0A\bin\mt.exe /nologo /verbose /out:"Debug\VSShellStub2UI.dll.embed.manifest" /manifest Debug\VSShellStub2UI.dll.intermediate.manifest
         C:\Program Files (x86)\Microsoft SDKs\Windows\v7.0A\bin\rc.exe /nologo /fo"Debug\VSShellStub2UI.dll.embed.manifest.res" Debug\VSShellStub2UI_manifest.rc 
       LinkEmbedManifest:
         C:\Program Files (x86)\Microsoft Visual Studio 10.0\VC\bin\link.exe /ERRORREPORT:PROMPT /OUT:"C:\Users\Jonathan_Moore\Documents\Visual Studio 2010\VSShellStub2\Debug\1033\VSShellStub2UI.dll" /INCREMENTAL /NOLOGO kernel32.lib user32.lib gdi32.lib winspool.lib comdlg32.lib advapi32.lib shell32.lib ole32.lib oleaut32.lib uuid.lib odbc32.lib odbccp32.lib /MANIFEST /ManifestFile:"Debug\VSShellStub2UI.dll.intermediate.manifest" /MANIFESTUAC:"level='asInvoker' uiAccess='false'" /DEBUG /PDB:"C:\Users\Jonathan_Moore\Documents\Visual Studio 2010\VSShellStub2\Debug\1033\VSShellStub2UI.pdb" /SUBSYSTEM:WINDOWS /TLBID:1 /NOENTRY /DYNAMICBASE:NO /IMPLIB:"C:\Users\Jonathan_Moore\Documents\Visual Studio 2010\VSShellStub2\Debug\1033\VSShellStub2UI.lib" /MACHINE:X86 /DLL Debug\VSShellStub2UI.res
         Debug\VSShellStub2UI.dll.embed.manifest.res
         VSShellStub2UI.vcxproj -> C:\Users\Jonathan_Moore\Documents\Visual Studio 2010\VSShellStub2\Debug\1033\VSShellStub2UI.dll
       FinalizeBuildStatus:
         Deleting file "Debug\VSShellStub2UI.unsuccessfulbuild".
         Touching "Debug\VSShellStub2UI.lastbuildstate".
     1>Done Building Project "C:\Users\Jonathan_Moore\Documents\Visual Studio 2010\VSShellStub2\VSShellStub2\VSShellStub2UI\VSShellStub2UI.vcxproj" (build target(s)).

Build succeeded.

Time Elapsed 00:00:06.59
