Build started 5/27/2013 7:26:27 PM.
     1>Project "C:\Users\Jonathan_Moore\Documents\Visual Studio 2016\IronPython\src\IronPython.Studio\IronPythonStudioUI\IronPythonStudioUI.vcxproj" on node 3 (build target(s)).
     1>PrepareForBuild:
         Creating directory "C:\Users\Jonathan_Moore\Documents\Visual Studio 2016\IronPython\src\Release\1033\".
       InitializeBuildStatus:
         Creating "Release\IronPythonStudioUI.unsuccessfulbuild" because "AlwaysCreate" was specified.
       VSCTCompile:
         
         VSCT: errors   = 0
         VSCT: warnings = 0
       ResourceCompile:
         C:\Program Files (x86)\Microsoft SDKs\Windows\v7.0A\bin\rc.exe /D UNICODE /D _UNICODE /D _X86_=1 /D i386=1 /D WIN32 /D WINNT=1 /D NDEBUG /D _NEW_SDK=1 /D _UNICODE /D UNICODE /l"0x0409" /IRelease\ /nologo /fo"Release\IronPythonStudioUI.res" -r  IronPythonStudioUI.rc 
       Link:
         C:\Program Files (x86)\Microsoft Visual Studio 10.0\VC\bin\link.exe /ERRORREPORT:PROMPT /OUT:"C:\Users\Jonathan_Moore\Documents\Visual Studio 2016\IronPython\src\Release\1033\IronPythonStudioUI.dll" /INCREMENTAL:NO /NOLOGO kernel32.lib user32.lib gdi32.lib winspool.lib comdlg32.lib advapi32.lib shell32.lib ole32.lib oleaut32.lib uuid.lib odbc32.lib odbccp32.lib /MANIFEST /ManifestFile:"Release\IronPythonStudioUI.dll.intermediate.manifest" /MANIFESTUAC:"level='asInvoker' uiAccess='false'" /DEBUG /PDB:"C:\Users\Jonathan_Moore\Documents\Visual Studio 2016\IronPython\src\Release\1033\IronPythonStudioUI.pdb" /SUBSYSTEM:WINDOWS /OPT:REF /OPT:ICF /LTCG /TLBID:1 /NOENTRY /DYNAMICBASE:NO /IMPLIB:"C:\Users\Jonathan_Moore\Documents\Visual Studio 2016\IronPython\src\Release\1033\IronPythonStudioUI.lib" /MACHINE:X86 /DLL Release\IronPythonStudioUI.res
         LINK : /LTCG specified but no code generation required; remove /LTCG from the link command line to improve linker performance
         IronPythonStudioUI.vcxproj -> C:\Users\Jonathan_Moore\Documents\Visual Studio 2016\IronPython\src\Release\1033\IronPythonStudioUI.dll
       Manifest:
         C:\Program Files (x86)\Microsoft SDKs\Windows\v7.0A\bin\mt.exe /nologo /verbose /outputresource:"C:\Users\Jonathan_Moore\Documents\Visual Studio 2016\IronPython\src\Release\1033\IronPythonStudioUI.dll;#2" /manifest Release\IronPythonStudioUI.dll.intermediate.manifest
       FinalizeBuildStatus:
         Deleting file "Release\IronPythonStudioUI.unsuccessfulbuild".
         Touching "Release\IronPythonStudioUI.lastbuildstate".
     1>Done Building Project "C:\Users\Jonathan_Moore\Documents\Visual Studio 2016\IronPython\src\IronPython.Studio\IronPythonStudioUI\IronPythonStudioUI.vcxproj" (build target(s)).

Build succeeded.

Time Elapsed 00:00:06.03
