Build started 5/28/2013 11:23:48 AM.
     1>Project "C:\Users\Jonathan_Moore\Documents\Visual Studio 2010\Projects\MyFiles\Apps\VSShellStub2\VSShellStub2\VSShellStub2\VSShellStub2.vcxproj" on node 2 (build target(s)).
     1>InitializeBuildStatus:
         Creating "Release\VSShellStub2.unsuccessfulbuild" because "AlwaysCreate" was specified.
       ClCompile:
         All outputs are up-to-date.
         All outputs are up-to-date.
       CreateMenuPkgDef:
       Skipping target "CreateMenuPkgDef" because it has no outputs.
       ResourceCompile:
         All outputs are up-to-date.
       Link:
         All outputs are up-to-date.
         VSShellStub2.vcxproj -> C:\Users\Jonathan_Moore\Documents\Visual Studio 2010\Projects\MyFiles\Apps\VSShellStub2\Release\VSShellStub2.exe
       Manifest:
         All outputs are up-to-date.
       IsolatedShellFiles:
         Copying file from "VSShellStub2.exe.config" to "C:\Users\Jonathan_Moore\Documents\Visual Studio 2010\Projects\MyFiles\Apps\VSShellStub2\Release\\VSShellStub2.exe.config".
         Copying file from "VSShellStub2.winprf" to "C:\Users\Jonathan_Moore\Documents\Visual Studio 2010\Projects\MyFiles\Apps\VSShellStub2\Release\\VSShellStub2.winprf".
         Copying file from "VSShellStub2.pkgundef" to "C:\Users\Jonathan_Moore\Documents\Visual Studio 2010\Projects\MyFiles\Apps\VSShellStub2\Release\\VSShellStub2.pkgundef".
         Copying file from "VSShellStub2.pkgdef" to "C:\Users\Jonathan_Moore\Documents\Visual Studio 2010\Projects\MyFiles\Apps\VSShellStub2\Release\\VSShellStub2.pkgdef".
         Copying file from "ApplicationIcon.ico" to "C:\Users\Jonathan_Moore\Documents\Visual Studio 2010\Projects\MyFiles\Apps\VSShellStub2\Release\\ApplicationIcon.ico".
         Copying file from "Splash.bmp" to "C:\Users\Jonathan_Moore\Documents\Visual Studio 2010\Projects\MyFiles\Apps\VSShellStub2\Release\\Splash.bmp".
         Copying file from "DebuggerProxy.dll" to "C:\Users\Jonathan_Moore\Documents\Visual Studio 2010\Projects\MyFiles\Apps\VSShellStub2\Release\\DebuggerProxy.dll".
         Copying file from "DebuggerProxy.dll.manifest" to "C:\Users\Jonathan_Moore\Documents\Visual Studio 2010\Projects\MyFiles\Apps\VSShellStub2\Release\\DebuggerProxy.dll.manifest".
         Copying file from "General.vssettings" to "C:\Users\Jonathan_Moore\Documents\Visual Studio 2010\Projects\MyFiles\Apps\VSShellStub2\Release\\Profiles\General.vssettings".
         Copying file from "VSShellStub2.Application.pkgdef" to "C:\Users\Jonathan_Moore\Documents\Visual Studio 2010\Projects\MyFiles\Apps\VSShellStub2\Release\\Extensions\Application\VSShellStub2.Application.pkgdef".
       FinalizeBuildStatus:
         Deleting file "Release\VSShellStub2.unsuccessfulbuild".
         Touching "Release\VSShellStub2.lastbuildstate".
     1>Done Building Project "C:\Users\Jonathan_Moore\Documents\Visual Studio 2010\Projects\MyFiles\Apps\VSShellStub2\VSShellStub2\VSShellStub2\VSShellStub2.vcxproj" (build target(s)).

Build succeeded.

Time Elapsed 00:00:00.26
