Build started 5/27/2013 8:20:11 PM.
     1>Project "C:\Users\Jonathan_Moore\Documents\Visual Studio 2010\VSShellStub2\VSShellStub2\VSShellStub2\VSShellStub2.vcxproj" on node 3 (build target(s)).
     1>InitializeBuildStatus:
         Creating "Debug\VSShellStub2.unsuccessfulbuild" because "AlwaysCreate" was specified.
       ClCompile:
         C:\Program Files (x86)\Microsoft Visual Studio 10.0\VC\bin\CL.exe /c /I\VisualStudioIntegration\Common\Source\CPP\VSL\Include /I\VisualStudioIntegration\common\inc /IDebug\ /ZI /nologo /W3 /WX /Od /Oy- /D WIN32 /D _DEBUG /D _WINDOWS /D _UNICODE /D UNICODE /Gm /EHsc /RTC1 /MDd /GS /fp:precise /Zc:wchar_t- /Zc:forScope /Yc"StdAfx.h" /Fp"Debug\VSShellStub2.pch" /Fo"Debug\\" /Fd"Debug\vc100.pdb" /Gd /TP /analyze- /errorReport:prompt stdafx.cpp
         stdafx.cpp
         C:\Program Files (x86)\Microsoft Visual Studio 10.0\VC\bin\CL.exe /c /I\VisualStudioIntegration\Common\Source\CPP\VSL\Include /I\VisualStudioIntegration\common\inc /IDebug\ /ZI /nologo /W3 /WX /Od /Oy- /D WIN32 /D _DEBUG /D _WINDOWS /D _UNICODE /D UNICODE /Gm /EHsc /RTC1 /MDd /GS /fp:precise /Zc:wchar_t- /Zc:forScope /Yu"StdAfx.h" /Fp"Debug\VSShellStub2.pch" /Fo"Debug\\" /Fd"Debug\vc100.pdb" /Gd /TP /analyze- /errorReport:prompt VSShellStub2.cpp
         VSShellStub2.cpp
       CreateMenuPkgDef:
       Skipping target "CreateMenuPkgDef" because it has no outputs.
       ResourceCompile:
         C:\Program Files (x86)\Microsoft SDKs\Windows\v7.0A\bin\rc.exe /D _UNICODE /D UNICODE /l"0x0409" /I\VisualStudioIntegration\common\inc /IDebug\ /I"C:\Users\Jonathan_Moore\Documents\Visual Studio 2010\VSShellStub2\Debug\\" /nologo /fo"Debug\VSShellStub2.res" VSShellStub2.rc 
       ManifestResourceCompile:
         C:\Program Files (x86)\Microsoft SDKs\Windows\v7.0A\bin\rc.exe /nologo /fo"Debug\VSShellStub2.exe.embed.manifest.res" Debug\VSShellStub2_manifest.rc 
       Link:
         C:\Program Files (x86)\Microsoft Visual Studio 10.0\VC\bin\link.exe /ERRORREPORT:PROMPT /OUT:"C:\Users\Jonathan_Moore\Documents\Visual Studio 2010\VSShellStub2\Debug\VSShellStub2.exe" /INCREMENTAL /NOLOGO /LIBPATH:\VisualStudioIntegration\common\lib\x86 /LIBPATH:Debug\ shlwapi.lib kernel32.lib user32.lib gdi32.lib winspool.lib comdlg32.lib advapi32.lib shell32.lib ole32.lib oleaut32.lib uuid.lib odbc32.lib odbccp32.lib /MANIFEST /ManifestFile:"Debug\VSShellStub2.exe.intermediate.manifest" /MANIFESTUAC:"level='asInvoker' uiAccess='false'" /DEBUG /PDB:"C:\Users\Jonathan_Moore\Documents\Visual Studio 2010\VSShellStub2\Debug\VSShellStub2.pdb" /SUBSYSTEM:WINDOWS /LARGEADDRESSAWARE /TLBID:1 /DYNAMICBASE /NXCOMPAT /IMPLIB:"C:\Users\Jonathan_Moore\Documents\Visual Studio 2010\VSShellStub2\Debug\VSShellStub2.lib" /MACHINE:X86 Debug\VSShellStub2.res
         Debug\VSShellStub2.exe.embed.manifest.res
         Debug\stdafx.obj
         Debug\VSShellStub2.obj
       Manifest:
         C:\Program Files (x86)\Microsoft SDKs\Windows\v7.0A\bin\mt.exe /nologo /verbose /out:"Debug\VSShellStub2.exe.embed.manifest" /manifest Debug\VSShellStub2.exe.intermediate.manifest "C:\Users\Jonathan_Moore\Documents\Visual Studio 2010\VSShellStub2\VSShellStub2\VSShellStub2\VSShellStub2.exe.manifest"
         C:\Program Files (x86)\Microsoft SDKs\Windows\v7.0A\bin\rc.exe /nologo /fo"Debug\VSShellStub2.exe.embed.manifest.res" Debug\VSShellStub2_manifest.rc 
       LinkEmbedManifest:
         C:\Program Files (x86)\Microsoft Visual Studio 10.0\VC\bin\link.exe /ERRORREPORT:PROMPT /OUT:"C:\Users\Jonathan_Moore\Documents\Visual Studio 2010\VSShellStub2\Debug\VSShellStub2.exe" /INCREMENTAL /NOLOGO /LIBPATH:\VisualStudioIntegration\common\lib\x86 /LIBPATH:Debug\ shlwapi.lib kernel32.lib user32.lib gdi32.lib winspool.lib comdlg32.lib advapi32.lib shell32.lib ole32.lib oleaut32.lib uuid.lib odbc32.lib odbccp32.lib /MANIFEST /ManifestFile:"Debug\VSShellStub2.exe.intermediate.manifest" /MANIFESTUAC:"level='asInvoker' uiAccess='false'" /DEBUG /PDB:"C:\Users\Jonathan_Moore\Documents\Visual Studio 2010\VSShellStub2\Debug\VSShellStub2.pdb" /SUBSYSTEM:WINDOWS /LARGEADDRESSAWARE /TLBID:1 /DYNAMICBASE /NXCOMPAT /IMPLIB:"C:\Users\Jonathan_Moore\Documents\Visual Studio 2010\VSShellStub2\Debug\VSShellStub2.lib" /MACHINE:X86 Debug\VSShellStub2.res
         Debug\VSShellStub2.exe.embed.manifest.res
         Debug\stdafx.obj
         Debug\VSShellStub2.obj
         VSShellStub2.vcxproj -> C:\Users\Jonathan_Moore\Documents\Visual Studio 2010\VSShellStub2\Debug\VSShellStub2.exe
       IsolatedShellFiles:
         Copying file from "VSShellStub2.exe.config" to "C:\Users\Jonathan_Moore\Documents\Visual Studio 2010\VSShellStub2\Debug\\VSShellStub2.exe.config".
         Copying file from "VSShellStub2.winprf" to "C:\Users\Jonathan_Moore\Documents\Visual Studio 2010\VSShellStub2\Debug\\VSShellStub2.winprf".
         Copying file from "VSShellStub2.pkgundef" to "C:\Users\Jonathan_Moore\Documents\Visual Studio 2010\VSShellStub2\Debug\\VSShellStub2.pkgundef".
         Copying file from "VSShellStub2.pkgdef" to "C:\Users\Jonathan_Moore\Documents\Visual Studio 2010\VSShellStub2\Debug\\VSShellStub2.pkgdef".
         Copying file from "ApplicationIcon.ico" to "C:\Users\Jonathan_Moore\Documents\Visual Studio 2010\VSShellStub2\Debug\\ApplicationIcon.ico".
         Copying file from "Splash.bmp" to "C:\Users\Jonathan_Moore\Documents\Visual Studio 2010\VSShellStub2\Debug\\Splash.bmp".
         Copying file from "DebuggerProxy.dll" to "C:\Users\Jonathan_Moore\Documents\Visual Studio 2010\VSShellStub2\Debug\\DebuggerProxy.dll".
         Copying file from "DebuggerProxy.dll.manifest" to "C:\Users\Jonathan_Moore\Documents\Visual Studio 2010\VSShellStub2\Debug\\DebuggerProxy.dll.manifest".
         Creating directory "C:\Users\Jonathan_Moore\Documents\Visual Studio 2010\VSShellStub2\Debug\Profiles".
         Copying file from "General.vssettings" to "C:\Users\Jonathan_Moore\Documents\Visual Studio 2010\VSShellStub2\Debug\\Profiles\General.vssettings".
         Copying file from "VSShellStub2.Application.pkgdef" to "C:\Users\Jonathan_Moore\Documents\Visual Studio 2010\VSShellStub2\Debug\\Extensions\Application\VSShellStub2.Application.pkgdef".
       FinalizeBuildStatus:
         Deleting file "Debug\VSShellStub2.unsuccessfulbuild".
         Touching "Debug\VSShellStub2.lastbuildstate".
     1>Done Building Project "C:\Users\Jonathan_Moore\Documents\Visual Studio 2010\VSShellStub2\VSShellStub2\VSShellStub2\VSShellStub2.vcxproj" (build target(s)).

Build succeeded.

Time Elapsed 00:00:02.26
